TN:
SF:src\app\controllers\CategoryController.js
FN:1,_interopRequireDefault
FN:4,(anonymous_1)
FNF:2
FNH:1
FNDA:3,_interopRequireDefault
FNDA:0,(anonymous_1)
DA:1,3
DA:10,0
DA:12,0
DA:13,0
DA:18,0
DA:25,0
DA:29,3
LF:7
LH:2
BRDA:1,0,0,3
BRDA:1,0,1,0
BRDA:1,1,0,3
BRDA:1,1,1,3
BRDA:7,2,0,0
BRDA:8,3,0,0
BRDA:12,4,0,0
BRDA:12,4,1,0
BRDA:12,5,0,0
BRDA:12,5,1,0
BRF:10
BRH:3
end_of_record
TN:
SF:src\app\controllers\DeliveryController.js
FN:1,_interopRequireDefault
FN:4,(anonymous_1)
FN:24,(anonymous_2)
FNF:3
FNH:1
FNDA:3,_interopRequireDefault
FNDA:0,(anonymous_1)
FNDA:0,(anonymous_2)
DA:1,3
DA:5,0
DA:13,0
DA:21,0
DA:25,0
DA:27,0
DA:40,0
DA:44,3
LF:8
LH:2
BRDA:1,0,0,3
BRDA:1,0,1,0
BRDA:1,1,0,3
BRDA:1,1,1,3
BRDA:25,2,0,0
BRF:5
BRH:3
end_of_record
TN:
SF:src\app\controllers\FileController.js
FN:1,_interopRequireDefault
FN:4,(anonymous_1)
FNF:2
FNH:2
FNDA:3,_interopRequireDefault
FNDA:1,(anonymous_1)
DA:1,3
DA:5,1
DA:6,1
DA:10,1
DA:14,3
LF:5
LH:5
BRDA:1,0,0,3
BRDA:1,0,1,0
BRDA:1,1,0,3
BRDA:1,1,1,3
BRF:4
BRH:3
end_of_record
TN:
SF:src\app\controllers\ProductController.js
FN:1,_interopRequireWildcard
FN:1,_interopRequireDefault
FN:8,(anonymous_2)
FN:33,(anonymous_3)
FN:60,(anonymous_4)
FN:89,(anonymous_5)
FNF:6
FNH:2
FNDA:3,_interopRequireWildcard
FNDA:9,_interopRequireDefault
FNDA:0,(anonymous_2)
FNDA:0,(anonymous_3)
FNDA:0,(anonymous_4)
FNDA:0,(anonymous_5)
DA:1,9
DA:2,3
DA:3,3
DA:4,3
DA:5,3
DA:9,0
DA:18,0
DA:19,0
DA:22,0
DA:24,0
DA:25,0
DA:26,0
DA:29,0
DA:30,0
DA:34,0
DA:36,0
DA:45,0
DA:46,0
DA:49,0
DA:51,0
DA:52,0
DA:55,0
DA:57,0
DA:61,0
DA:63,0
DA:67,0
DA:86,0
DA:90,0
DA:92,0
DA:94,0
DA:95,0
DA:98,0
DA:100,0
DA:104,3
LF:34
LH:6
BRDA:1,0,0,3
BRDA:1,0,1,0
BRDA:1,1,0,3
BRDA:1,1,1,3
BRDA:1,2,0,0
BRDA:1,2,1,0
BRDA:1,3,0,0
BRDA:1,3,1,0
BRDA:1,4,0,9
BRDA:1,4,1,0
BRDA:1,5,0,9
BRDA:1,5,1,9
BRDA:18,6,0,0
BRDA:18,6,1,0
BRDA:25,7,0,0
BRDA:25,7,1,0
BRDA:45,8,0,0
BRDA:45,8,1,0
BRDA:51,9,0,0
BRDA:51,9,1,0
BRDA:61,10,0,0
BRDA:61,11,0,0
BRDA:61,12,0,0
BRDA:63,13,0,0
BRDA:63,13,1,0
BRDA:94,14,0,0
BRDA:94,14,1,0
BRF:27
BRH:6
end_of_record
TN:
SF:src\app\controllers\ProviderController.js
FN:1,_interopRequireWildcard
FN:1,_interopRequireDefault
FN:10,(anonymous_2)
FN:27,(anonymous_3)
FN:29,(anonymous_4)
FNF:5
FNH:3
FNDA:3,_interopRequireWildcard
FNDA:15,_interopRequireDefault
FNDA:1,(anonymous_2)
FNDA:0,(anonymous_3)
FNDA:0,(anonymous_4)
DA:1,15
DA:2,3
DA:3,3
DA:4,3
DA:5,3
DA:6,3
DA:7,3
DA:11,1
DA:15,1
DA:17,1
DA:24,1
DA:30,0
DA:32,0
DA:36,0
DA:58,0
DA:62,3
LF:16
LH:12
BRDA:1,0,0,3
BRDA:1,0,1,0
BRDA:1,1,0,3
BRDA:1,1,1,3
BRDA:1,2,0,0
BRDA:1,2,1,0
BRDA:1,3,0,0
BRDA:1,3,1,0
BRDA:1,4,0,15
BRDA:1,4,1,0
BRDA:1,5,0,15
BRDA:1,5,1,15
BRDA:30,6,0,0
BRDA:30,7,0,0
BRDA:32,8,0,0
BRDA:32,8,1,0
BRF:16
BRH:6
end_of_record
TN:
SF:src\app\controllers\SessionController.js
FN:1,_interopRequireWildcard
FN:1,_interopRequireDefault
FN:7,(anonymous_2)
FNF:3
FNH:3
FNDA:3,_interopRequireWildcard
FNDA:9,_interopRequireDefault
FNDA:3,(anonymous_2)
DA:1,9
DA:2,3
DA:3,3
DA:4,3
DA:8,3
DA:15,3
DA:16,0
DA:21,3
DA:22,3
DA:27,3
DA:28,0
DA:32,3
DA:33,0
DA:38,3
DA:40,3
DA:59,3
LF:16
LH:13
BRDA:1,0,0,3
BRDA:1,0,1,0
BRDA:1,1,0,3
BRDA:1,1,1,3
BRDA:1,2,0,0
BRDA:1,2,1,0
BRDA:1,3,0,0
BRDA:1,3,1,0
BRDA:1,4,0,6
BRDA:1,4,1,3
BRDA:1,5,0,9
BRDA:1,5,1,9
BRDA:15,6,0,0
BRDA:15,6,1,3
BRDA:27,7,0,0
BRDA:27,7,1,3
BRDA:32,8,0,0
BRDA:32,8,1,3
BRF:18
BRH:10
end_of_record
TN:
SF:src\app\controllers\UserController.js
FN:1,_interopRequireWildcard
FN:1,_interopRequireDefault
FN:7,(anonymous_2)
FN:51,(anonymous_3)
FN:58,(anonymous_4)
FN:61,(anonymous_5)
FNF:6
FNH:3
FNDA:3,_interopRequireWildcard
FNDA:9,_interopRequireDefault
FNDA:4,(anonymous_2)
FNDA:0,(anonymous_3)
FNDA:0,(anonymous_4)
FNDA:0,(anonymous_5)
DA:1,9
DA:2,3
DA:3,3
DA:4,3
DA:8,4
DA:26,4
DA:27,0
DA:31,4
DA:32,4
DA:34,4
DA:36,4
DA:37,2
DA:41,2
DA:43,2
DA:48,2
DA:52,0
DA:59,0
DA:62,0
DA:66,0
DA:67,0
DA:72,0
DA:73,0
DA:75,0
DA:76,0
DA:81,0
DA:82,0
DA:88,0
DA:89,0
DA:94,0
DA:96,0
DA:106,0
DA:115,3
LF:32
LH:15
BRDA:1,0,0,3
BRDA:1,0,1,0
BRDA:1,1,0,3
BRDA:1,1,1,3
BRDA:1,2,0,0
BRDA:1,2,1,0
BRDA:1,3,0,0
BRDA:1,3,1,0
BRDA:1,4,0,9
BRDA:1,4,1,0
BRDA:1,5,0,9
BRDA:1,5,1,9
BRDA:26,6,0,0
BRDA:26,6,1,4
BRDA:36,7,0,2
BRDA:36,7,1,2
BRDA:59,8,0,0
BRDA:59,8,1,0
BRDA:62,9,0,0
BRDA:62,9,1,0
BRDA:66,10,0,0
BRDA:66,10,1,0
BRDA:75,11,0,0
BRDA:75,11,1,0
BRDA:81,12,0,0
BRDA:81,12,1,0
BRDA:88,13,0,0
BRDA:88,13,1,0
BRDA:88,14,0,0
BRDA:88,14,1,0
BRF:30
BRH:9
end_of_record
TN:
SF:src\app\middlewares\auth.js
FN:1,_interopRequireDefault
FN:6,(anonymous_1)
FNF:2
FNH:2
FNDA:6,_interopRequireDefault
FNDA:2,(anonymous_1)
DA:1,6
DA:2,3
DA:4,3
DA:6,3
DA:7,2
DA:9,2
DA:10,0
DA:16,2
DA:18,2
DA:19,2
DA:20,2
DA:22,2
DA:24,0
LF:13
LH:11
BRDA:1,0,0,3
BRDA:1,0,1,3
BRDA:1,1,0,6
BRDA:1,1,1,6
BRDA:9,2,0,0
BRDA:9,2,1,2
BRF:6
BRH:5
end_of_record
TN:
SF:src\app\models\Category.js
FN:1,_interopRequireDefault
FN:4,(anonymous_1)
FN:18,(anonymous_2)
FNF:3
FNH:3
FNDA:3,_interopRequireDefault
FNDA:3,(anonymous_1)
FNDA:3,(anonymous_2)
DA:1,3
DA:5,3
DA:14,3
DA:19,3
DA:23,3
LF:5
LH:5
BRDA:1,0,0,0
BRDA:1,0,1,3
BRDA:1,1,0,3
BRDA:1,1,1,3
BRF:4
BRH:3
end_of_record
TN:
SF:src\app\models\City.js
FN:1,_interopRequireDefault
FN:4,(anonymous_1)
FNF:2
FNH:2
FNDA:3,_interopRequireDefault
FNDA:3,(anonymous_1)
DA:1,3
DA:5,3
DA:13,3
DA:19,3
LF:4
LH:4
BRDA:1,0,0,0
BRDA:1,0,1,3
BRDA:1,1,0,3
BRDA:1,1,1,3
BRF:4
BRH:3
end_of_record
TN:
SF:src\app\models\Delivery.js
FN:1,_interopRequireDefault
FN:4,(anonymous_1)
FN:16,(anonymous_2)
FNF:3
FNH:3
FNDA:3,_interopRequireDefault
FNDA:3,(anonymous_1)
FNDA:3,(anonymous_2)
DA:1,3
DA:5,3
DA:13,3
DA:17,3
DA:21,3
DA:25,3
DA:33,3
LF:7
LH:7
BRDA:1,0,0,0
BRDA:1,0,1,3
BRDA:1,1,0,3
BRDA:1,1,1,3
BRF:4
BRH:3
end_of_record
TN:
SF:src\app\models\File.js
FN:1,_interopRequireDefault
FN:4,(anonymous_1)
FN:11,(anonymous_2)
FNF:3
FNH:3
FNDA:3,_interopRequireDefault
FNDA:3,(anonymous_1)
FNDA:1,(anonymous_2)
DA:1,3
DA:5,3
DA:12,1
DA:20,3
DA:23,3
LF:5
LH:5
BRDA:1,0,0,0
BRDA:1,0,1,3
BRDA:1,1,0,3
BRDA:1,1,1,3
BRF:4
BRH:3
end_of_record
TN:
SF:src\app\models\Location.js
FN:1,_interopRequireDefault
FN:4,(anonymous_1)
FN:20,(anonymous_2)
FNF:3
FNH:3
FNDA:3,_interopRequireDefault
FNDA:3,(anonymous_1)
FNDA:3,(anonymous_2)
DA:1,3
DA:5,3
DA:17,3
DA:21,3
DA:26,3
LF:5
LH:5
BRDA:1,0,0,0
BRDA:1,0,1,3
BRDA:1,1,0,3
BRDA:1,1,1,3
BRF:4
BRH:3
end_of_record
TN:
SF:src\app\models\Product.js
FN:1,_interopRequireDefault
FN:4,(anonymous_1)
FN:18,(anonymous_2)
FNF:3
FNH:3
FNDA:3,_interopRequireDefault
FNDA:3,(anonymous_1)
FNDA:3,(anonymous_2)
DA:1,3
DA:5,3
DA:14,3
DA:19,3
DA:20,3
DA:24,3
DA:31,3
LF:7
LH:7
BRDA:1,0,0,0
BRDA:1,0,1,3
BRDA:1,1,0,3
BRDA:1,1,1,3
BRF:4
BRH:3
end_of_record
TN:
SF:src\app\models\Provider.js
FN:1,_interopRequireDefault
FN:7,(anonymous_1)
FN:16,(anonymous_2)
FN:20,(anonymous_3)
FN:34,(anonymous_4)
FNF:5
FNH:5
FNDA:9,_interopRequireDefault
FNDA:3,(anonymous_1)
FNDA:1,(anonymous_2)
FNDA:1,(anonymous_3)
FNDA:3,(anonymous_4)
DA:1,9
DA:2,3
DA:3,3
DA:4,3
DA:8,3
DA:16,3
DA:17,1
DA:18,1
DA:20,1
DA:21,1
DA:23,1
DA:30,3
DA:35,3
DA:36,3
DA:40,3
DA:47,3
LF:16
LH:16
BRDA:1,0,0,6
BRDA:1,0,1,3
BRDA:1,1,0,9
BRDA:1,1,1,9
BRDA:21,2,0,1
BRDA:21,2,1,0
BRF:6
BRH:5
end_of_record
TN:
SF:src\app\models\User.js
FN:1,_interopRequireDefault
FN:8,(anonymous_1)
FN:19,(anonymous_2)
FN:27,(anonymous_3)
FN:41,(anonymous_4)
FN:53,(anonymous_5)
FNF:6
FNH:6
FNDA:12,_interopRequireDefault
FNDA:3,(anonymous_1)
FNDA:2,(anonymous_2)
FNDA:2,(anonymous_3)
FNDA:3,(anonymous_4)
FNDA:3,(anonymous_5)
DA:1,12
DA:2,3
DA:3,3
DA:4,3
DA:5,3
DA:9,3
DA:19,3
DA:20,2
DA:21,2
DA:24,2
DA:25,2
DA:27,2
DA:28,2
DA:30,2
DA:37,3
DA:42,3
DA:43,3
DA:47,3
DA:54,3
DA:58,3
LF:20
LH:20
BRDA:1,0,0,6
BRDA:1,0,1,6
BRDA:1,1,0,12
BRDA:1,1,1,12
BRDA:20,2,0,2
BRDA:20,2,1,0
BRDA:28,3,0,2
BRDA:28,3,1,0
BRF:8
BRH:6
end_of_record
